Analysis & Synthesis report for Top
Tue Jan 11 21:23:44 2022
Quartus Prime Version 20.1.1 Build 720 11/11/2020 SJ Lite Edition


---------------------
; Table of Contents ;
---------------------
  1. Legal Notice
  2. Analysis & Synthesis Summary
  3. Analysis & Synthesis Settings
  4. Parallel Compilation
  5. Analysis & Synthesis Source Files Read
  6. Analysis & Synthesis Resource Usage Summary
  7. Analysis & Synthesis Resource Utilization by Entity
  8. State Machine - |Top|airplane:airpl|NextState
  9. State Machine - |Top|airplane:airpl|PrState
 10. Registers Removed During Synthesis
 11. Removed Registers Triggering Further Register Optimizations
 12. General Register Statistics
 13. Inverted Register Statistics
 14. Multiplexer Restructuring Statistics (Restructuring Performed)
 15. Port Connectivity Checks: "airplane:airpl|Timer:tim"
 16. Post-Synthesis Netlist Statistics for Top Partition
 17. Elapsed Time Per Partition
 18. Analysis & Synthesis Messages



----------------
; Legal Notice ;
----------------
Copyright (C) 2020  Intel Corporation. All rights reserved.
Your use of Intel Corporation's design tools, logic functions 
and other software and tools, and any partner logic 
functions, and any output files from any of the foregoing 
(including device programming or simulation files), and any 
associated documentation or information are expressly subject 
to the terms and conditions of the Intel Program License 
Subscription Agreement, the Intel Quartus Prime License Agreement,
the Intel FPGA IP License Agreement, or other applicable license
agreement, including, without limitation, that your use is for
the sole purpose of programming logic devices manufactured by
Intel and sold by Intel or its authorized distributors.  Please
refer to the applicable agreement for further details, at
https://fpgasoftware.intel.com/eula.



+----------------------------------------------------------------------------------+
; Analysis & Synthesis Summary                                                     ;
+------------------------------------+---------------------------------------------+
; Analysis & Synthesis Status        ; Successful - Tue Jan 11 21:23:44 2022       ;
; Quartus Prime Version              ; 20.1.1 Build 720 11/11/2020 SJ Lite Edition ;
; Revision Name                      ; Top                                         ;
; Top-level Entity Name              ; Top                                         ;
; Family                             ; Cyclone IV E                                ;
; Total logic elements               ; 132                                         ;
;     Total combinational functions  ; 118                                         ;
;     Dedicated logic registers      ; 66                                          ;
; Total registers                    ; 66                                          ;
; Total pins                         ; 17                                          ;
; Total virtual pins                 ; 0                                           ;
; Total memory bits                  ; 0                                           ;
; Embedded Multiplier 9-bit elements ; 0                                           ;
; Total PLLs                         ; 0                                           ;
+------------------------------------+---------------------------------------------+


+------------------------------------------------------------------------------------------------------------+
; Analysis & Synthesis Settings                                                                              ;
+------------------------------------------------------------------+--------------------+--------------------+
; Option                                                           ; Setting            ; Default Value      ;
+------------------------------------------------------------------+--------------------+--------------------+
; Top-level entity name                                            ; Top                ; Top                ;
; Family name                                                      ; Cyclone IV E       ; Cyclone V          ;
; State Machine Processing                                         ; User-Encoded       ; Auto               ;
; Use smart compilation                                            ; Off                ; Off                ;
; Enable parallel Assembler and Timing Analyzer during compilation ; On                 ; On                 ;
; Enable compact report table                                      ; Off                ; Off                ;
; Restructure Multiplexers                                         ; Auto               ; Auto               ;
; Create Debugging Nodes for IP Cores                              ; Off                ; Off                ;
; Preserve fewer node names                                        ; On                 ; On                 ;
; Intel FPGA IP Evaluation Mode                                    ; Enable             ; Enable             ;
; Verilog Version                                                  ; Verilog_2001       ; Verilog_2001       ;
; VHDL Version                                                     ; VHDL_1993          ; VHDL_1993          ;
; Safe State Machine                                               ; Off                ; Off                ;
; Extract Verilog State Machines                                   ; On                 ; On                 ;
; Extract VHDL State Machines                                      ; On                 ; On                 ;
; Ignore Verilog initial constructs                                ; Off                ; Off                ;
; Iteration limit for constant Verilog loops                       ; 5000               ; 5000               ;
; Iteration limit for non-constant Verilog loops                   ; 250                ; 250                ;
; Add Pass-Through Logic to Inferred RAMs                          ; On                 ; On                 ;
; Infer RAMs from Raw Logic                                        ; On                 ; On                 ;
; Parallel Synthesis                                               ; On                 ; On                 ;
; DSP Block Balancing                                              ; Auto               ; Auto               ;
; NOT Gate Push-Back                                               ; On                 ; On                 ;
; Power-Up Don't Care                                              ; On                 ; On                 ;
; Remove Redundant Logic Cells                                     ; Off                ; Off                ;
; Remove Duplicate Registers                                       ; On                 ; On                 ;
; Ignore CARRY Buffers                                             ; Off                ; Off                ;
; Ignore CASCADE Buffers                                           ; Off                ; Off                ;
; Ignore GLOBAL Buffers                                            ; Off                ; Off                ;
; Ignore ROW GLOBAL Buffers                                        ; Off                ; Off                ;
; Ignore LCELL Buffers                                             ; Off                ; Off                ;
; Ignore SOFT Buffers                                              ; On                 ; On                 ;
; Limit AHDL Integers to 32 Bits                                   ; Off                ; Off                ;
; Optimization Technique                                           ; Balanced           ; Balanced           ;
; Carry Chain Length                                               ; 70                 ; 70                 ;
; Auto Carry Chains                                                ; On                 ; On                 ;
; Auto Open-Drain Pins                                             ; On                 ; On                 ;
; Perform WYSIWYG Primitive Resynthesis                            ; Off                ; Off                ;
; Auto ROM Replacement                                             ; On                 ; On                 ;
; Auto RAM Replacement                                             ; On                 ; On                 ;
; Auto DSP Block Replacement                                       ; On                 ; On                 ;
; Auto Shift Register Replacement                                  ; Auto               ; Auto               ;
; Allow Shift Register Merging across Hierarchies                  ; Auto               ; Auto               ;
; Auto Clock Enable Replacement                                    ; On                 ; On                 ;
; Strict RAM Replacement                                           ; Off                ; Off                ;
; Allow Synchronous Control Signals                                ; On                 ; On                 ;
; Force Use of Synchronous Clear Signals                           ; Off                ; Off                ;
; Auto RAM Block Balancing                                         ; On                 ; On                 ;
; Auto RAM to Logic Cell Conversion                                ; Off                ; Off                ;
; Auto Resource Sharing                                            ; Off                ; Off                ;
; Allow Any RAM Size For Recognition                               ; Off                ; Off                ;
; Allow Any ROM Size For Recognition                               ; Off                ; Off                ;
; Allow Any Shift Register Size For Recognition                    ; Off                ; Off                ;
; Use LogicLock Constraints during Resource Balancing              ; On                 ; On                 ;
; Ignore translate_off and synthesis_off directives                ; Off                ; Off                ;
; Timing-Driven Synthesis                                          ; On                 ; On                 ;
; Report Parameter Settings                                        ; On                 ; On                 ;
; Report Source Assignments                                        ; On                 ; On                 ;
; Report Connectivity Checks                                       ; On                 ; On                 ;
; Ignore Maximum Fan-Out Assignments                               ; Off                ; Off                ;
; Synchronization Register Chain Length                            ; 2                  ; 2                  ;
; Power Optimization During Synthesis                              ; Normal compilation ; Normal compilation ;
; HDL message level                                                ; Level2             ; Level2             ;
; Suppress Register Optimization Related Messages                  ; Off                ; Off                ;
; Number of Removed Registers Reported in Synthesis Report         ; 5000               ; 5000               ;
; Number of Swept Nodes Reported in Synthesis Report               ; 5000               ; 5000               ;
; Number of Inverted Registers Reported in Synthesis Report        ; 100                ; 100                ;
; Clock MUX Protection                                             ; On                 ; On                 ;
; Auto Gated Clock Conversion                                      ; Off                ; Off                ;
; Block Design Naming                                              ; Auto               ; Auto               ;
; SDC constraint protection                                        ; Off                ; Off                ;
; Synthesis Effort                                                 ; Auto               ; Auto               ;
; Shift Register Replacement - Allow Asynchronous Clear Signal     ; On                 ; On                 ;
; Pre-Mapping Resynthesis Optimization                             ; Off                ; Off                ;
; Analysis & Synthesis Message Level                               ; Medium             ; Medium             ;
; Disable Register Merging Across Hierarchies                      ; Auto               ; Auto               ;
; Resource Aware Inference For Block RAM                           ; On                 ; On                 ;
+------------------------------------------------------------------+--------------------+--------------------+


+------------------------------------------+
; Parallel Compilation                     ;
+----------------------------+-------------+
; Processors                 ; Number      ;
+----------------------------+-------------+
; Number detected on machine ; 8           ;
; Maximum allowed            ; 4           ;
;                            ;             ;
; Average used               ; 1.00        ;
; Maximum used               ; 4           ;
;                            ;             ;
; Usage by Processor         ; % Time Used ;
;     Processor 1            ; 100.0%      ;
;     Processors 2-4         ;   0.0%      ;
+----------------------------+-------------+


+-----------------------------------------------------------------------------------------------------------------------------+
; Analysis & Synthesis Source Files Read                                                                                      ;
+----------------------------------+-----------------+-----------------+--------------------------------------------+---------+
; File Name with User-Entered Path ; Used in Netlist ; File Type       ; File Name with Absolute Path               ; Library ;
+----------------------------------+-----------------+-----------------+--------------------------------------------+---------+
; Top.vhd                          ; yes             ; User VHDL File  ; E:/work space/airplane/Top.vhd             ;         ;
; Timer.vhd                        ; yes             ; User VHDL File  ; E:/work space/airplane/Timer.vhd           ;         ;
; airportE.vhd                     ; yes             ; User VHDL File  ; E:/work space/airplane/airportE.vhd        ;         ;
; airplaneParking.vhd              ; yes             ; User VHDL File  ; E:/work space/airplane/airplaneParking.vhd ;         ;
; airplane.vhd                     ; yes             ; User VHDL File  ; E:/work space/airplane/airplane.vhd        ;         ;
+----------------------------------+-----------------+-----------------+--------------------------------------------+---------+


+------------------------------------------------------------+
; Analysis & Synthesis Resource Usage Summary                ;
+---------------------------------------------+--------------+
; Resource                                    ; Usage        ;
+---------------------------------------------+--------------+
; Estimated Total logic elements              ; 132          ;
;                                             ;              ;
; Total combinational functions               ; 118          ;
; Logic element usage by number of LUT inputs ;              ;
;     -- 4 input functions                    ; 29           ;
;     -- 3 input functions                    ; 15           ;
;     -- <=2 input functions                  ; 74           ;
;                                             ;              ;
; Logic elements by mode                      ;              ;
;     -- normal mode                          ; 78           ;
;     -- arithmetic mode                      ; 40           ;
;                                             ;              ;
; Total registers                             ; 66           ;
;     -- Dedicated logic registers            ; 66           ;
;     -- I/O registers                        ; 0            ;
;                                             ;              ;
; I/O pins                                    ; 17           ;
;                                             ;              ;
; Embedded Multiplier 9-bit elements          ; 0            ;
;                                             ;              ;
; Maximum fan-out node                        ; clockT~input ;
; Maximum fan-out                             ; 66           ;
; Total fan-out                               ; 528          ;
; Average fan-out                             ; 2.41         ;
+---------------------------------------------+--------------+


+------------------------------------------------------------------------------------------------------------------------------------------------------------------------------------------------------------------------+
; Analysis & Synthesis Resource Utilization by Entity                                                                                                                                                                    ;
+----------------------------+---------------------+---------------------------+-------------+--------------+---------+-----------+------+--------------+-------------------------------+-----------------+--------------+
; Compilation Hierarchy Node ; Combinational ALUTs ; Dedicated Logic Registers ; Memory Bits ; DSP Elements ; DSP 9x9 ; DSP 18x18 ; Pins ; Virtual Pins ; Full Hierarchy Name           ; Entity Name     ; Library Name ;
+----------------------------+---------------------+---------------------------+-------------+--------------+---------+-----------+------+--------------+-------------------------------+-----------------+--------------+
; |Top                       ; 118 (0)             ; 66 (3)                    ; 0           ; 0            ; 0       ; 0         ; 17   ; 0            ; |Top                          ; Top             ; work         ;
;    |airplane:airpl|        ; 87 (11)             ; 39 (6)                    ; 0           ; 0            ; 0       ; 0         ; 0    ; 0            ; |Top|airplane:airpl           ; airplane        ; work         ;
;       |Timer:tim|          ; 76 (76)             ; 33 (33)                   ; 0           ; 0            ; 0       ; 0         ; 0    ; 0            ; |Top|airplane:airpl|Timer:tim ; Timer           ; work         ;
;    |airplaneParking:park|  ; 30 (30)             ; 23 (23)                   ; 0           ; 0            ; 0       ; 0         ; 0    ; 0            ; |Top|airplaneParking:park     ; airplaneParking ; work         ;
;    |airportE:airemer|      ; 1 (1)               ; 1 (1)                     ; 0           ; 0            ; 0       ; 0         ; 0    ; 0            ; |Top|airportE:airemer         ; airportE        ; work         ;
+----------------------------+---------------------+---------------------------+-------------+--------------+---------+-----------+------+--------------+-------------------------------+-----------------+--------------+
Note: For table entries with two numbers listed, the numbers in parentheses indicate the number of resources of the given type used by the specific entity alone. The numbers listed outside of parentheses indicate the total resources of the given type used by the specific entity and all of its sub-entities in the hierarchy.


Encoding Type:  One-Hot
+------------------------------------------------------------------------+
; State Machine - |Top|airplane:airpl|NextState                          ;
+------------------+------------------+----------------+-----------------+
; Name             ; NextState.flight ; NextState.park ; NextState.leave ;
+------------------+------------------+----------------+-----------------+
; NextState.leave  ; 0                ; 0              ; 0               ;
; NextState.park   ; 0                ; 1              ; 1               ;
; NextState.flight ; 1                ; 0              ; 1               ;
+------------------+------------------+----------------+-----------------+


Encoding Type:  One-Hot
+----------------------------------------------------------------+
; State Machine - |Top|airplane:airpl|PrState                    ;
+----------------+---------------+--------------+----------------+
; Name           ; PrState.leave ; PrState.park ; PrState.flight ;
+----------------+---------------+--------------+----------------+
; PrState.flight ; 0             ; 0            ; 0              ;
; PrState.park   ; 0             ; 1            ; 1              ;
; PrState.leave  ; 1             ; 0            ; 1              ;
+----------------+---------------+--------------+----------------+


+---------------------------------------------------------------------------------+
; Registers Removed During Synthesis                                              ;
+----------------------------------------+----------------------------------------+
; Register name                          ; Reason for Removal                     ;
+----------------------------------------+----------------------------------------+
; fuelTs                                 ; Stuck at GND due to stuck port data_in ;
; BugTs                                  ; Stuck at GND due to stuck port data_in ;
; enterAE                                ; Lost fanout                            ;
; airplaneParking:park|enterAE           ; Lost fanout                            ;
; airplane:airpl|aE                      ; Stuck at GND due to stuck port data_in ;
; aes                                    ; Stuck at GND due to stuck port data_in ;
; airplaneParking:park|couE[1]           ; Stuck at GND due to stuck port data_in ;
; airplaneParking:park|countE[1]         ; Stuck at GND due to stuck port data_in ;
; airplane:airpl|PrState.leave           ; Lost fanout                            ;
; airplane:airpl|NextState.leave         ; Lost fanout                            ;
; airplaneParking:park|couE[0]           ; Stuck at GND due to stuck port data_in ;
; airplaneParking:park|countE[0]         ; Stuck at GND due to stuck port data_in ;
; Total Number of Removed Registers = 12 ;                                        ;
+----------------------------------------+----------------------------------------+


+---------------------------------------------------------------------------------------------------------------------------+
; Removed Registers Triggering Further Register Optimizations                                                               ;
+------------------------------+---------------------------+----------------------------------------------------------------+
; Register name                ; Reason for Removal        ; Registers Removed due to This Register                         ;
+------------------------------+---------------------------+----------------------------------------------------------------+
; fuelTs                       ; Stuck at GND              ; enterAE, airplaneParking:park|enterAE, airplane:airpl|aE, aes, ;
;                              ; due to stuck port data_in ; airplaneParking:park|couE[1], airplaneParking:park|countE[1],  ;
;                              ;                           ; airplaneParking:park|couE[0], airplaneParking:park|countE[0]   ;
; airplane:airpl|PrState.leave ; Lost Fanouts              ; airplane:airpl|NextState.leave                                 ;
+------------------------------+---------------------------+----------------------------------------------------------------+


+------------------------------------------------------+
; General Register Statistics                          ;
+----------------------------------------------+-------+
; Statistic                                    ; Value ;
+----------------------------------------------+-------+
; Total registers                              ; 66    ;
; Number of registers using Synchronous Clear  ; 11    ;
; Number of registers using Synchronous Load   ; 0     ;
; Number of registers using Asynchronous Clear ; 3     ;
; Number of registers using Asynchronous Load  ; 0     ;
; Number of registers using Clock Enable       ; 46    ;
; Number of registers using Preset             ; 0     ;
+----------------------------------------------+-------+


+--------------------------------------------------+
; Inverted Register Statistics                     ;
+----------------------------------------+---------+
; Inverted Register                      ; Fan out ;
+----------------------------------------+---------+
; airplane:airpl|Timer:tim|Ticks[31]     ; 2       ;
; airplane:airpl|Timer:tim|Ticks[0]      ; 1       ;
; Total number of inverted registers = 2 ;         ;
+----------------------------------------+---------+


+-------------------------------------------------------------------------------------------------------------------------------------------------------+
; Multiplexer Restructuring Statistics (Restructuring Performed)                                                                                        ;
+--------------------+-----------+---------------+----------------------+------------------------+------------+-----------------------------------------+
; Multiplexer Inputs ; Bus Width ; Baseline Area ; Area if Restructured ; Saving if Restructured ; Registered ; Example Multiplexer Output              ;
+--------------------+-----------+---------------+----------------------+------------------------+------------+-----------------------------------------+
; 3:1                ; 30 bits   ; 60 LEs        ; 30 LEs               ; 30 LEs                 ; Yes        ; |Top|airplane:airpl|Timer:tim|Ticks[21] ;
; 4:1                ; 10 bits   ; 20 LEs        ; 10 LEs               ; 10 LEs                 ; Yes        ; |Top|airplaneParking:park|cou[3]        ;
; 4:1                ; 3 bits    ; 6 LEs         ; 6 LEs                ; 0 LEs                  ; Yes        ; |Top|airplane:airpl|A                   ;
; 3:1                ; 2 bits    ; 4 LEs         ; 2 LEs                ; 2 LEs                  ; Yes        ; |Top|airplane:airpl|Timer:tim|Ticks[0]  ;
; 4:1                ; 2 bits    ; 4 LEs         ; 4 LEs                ; 0 LEs                  ; No         ; |Top|airplane:airpl|NextState           ;
+--------------------+-----------+---------------+----------------------+------------------------+------------+-----------------------------------------+


+------------------------------------------------------+
; Port Connectivity Checks: "airplane:airpl|Timer:tim" ;
+----------------+-------+----------+------------------+
; Port           ; Type  ; Severity ; Details          ;
+----------------+-------+----------+------------------+
; seconds[5..4]  ; Input ; Info     ; Stuck at VCC     ;
; seconds[31..6] ; Input ; Info     ; Stuck at GND     ;
; seconds[3..2]  ; Input ; Info     ; Stuck at GND     ;
; seconds[1]     ; Input ; Info     ; Stuck at VCC     ;
; seconds[0]     ; Input ; Info     ; Stuck at GND     ;
+----------------+-------+----------+------------------+


+-----------------------------------------------------+
; Post-Synthesis Netlist Statistics for Top Partition ;
+-----------------------+-----------------------------+
; Type                  ; Count                       ;
+-----------------------+-----------------------------+
; boundary_port         ; 17                          ;
; cycloneiii_ff         ; 66                          ;
;     CLR               ; 3                           ;
;     ENA               ; 36                          ;
;     ENA SCLR          ; 10                          ;
;     SCLR              ; 1                           ;
;     plain             ; 16                          ;
; cycloneiii_io_obuf    ; 1                           ;
; cycloneiii_lcell_comb ; 119                         ;
;     arith             ; 40                          ;
;         2 data inputs ; 32                          ;
;         3 data inputs ; 8                           ;
;     normal            ; 79                          ;
;         0 data inputs ; 1                           ;
;         1 data inputs ; 2                           ;
;         2 data inputs ; 40                          ;
;         3 data inputs ; 7                           ;
;         4 data inputs ; 29                          ;
;                       ;                             ;
; Max LUT depth         ; 6.00                        ;
; Average LUT depth     ; 3.81                        ;
+-----------------------+-----------------------------+


+-------------------------------+
; Elapsed Time Per Partition    ;
+----------------+--------------+
; Partition Name ; Elapsed Time ;
+----------------+--------------+
; Top            ; 00:00:00     ;
+----------------+--------------+


+-------------------------------+
; Analysis & Synthesis Messages ;
+-------------------------------+
Info: *******************************************************************
Info: Running Quartus Prime Analysis & Synthesis
    Info: Version 20.1.1 Build 720 11/11/2020 SJ Lite Edition
    Info: Processing started: Tue Jan 11 21:23:36 2022
Info: Command: quartus_map --read_settings_files=on --write_settings_files=off Top -c Top
Warning (18236): Number of processors has not been specified which may cause overloading on shared machines.  Set the global assignment NUM_PARALLEL_PROCESSORS in your QSF to an appropriate value for best performance.
Info (20030): Parallel compilation is enabled and will use 4 of the 4 processors detected
Info (12021): Found 2 design units, including 1 entities, in source file top.vhd
    Info (12022): Found design unit 1: Top-Behavioral File: E:/work space/airplane/Top.vhd Line: 19
    Info (12023): Found entity 1: Top File: E:/work space/airplane/Top.vhd Line: 7
Info (12021): Found 2 design units, including 1 entities, in source file timer.vhd
    Info (12022): Found design unit 1: Timer-rtl File: E:/work space/airplane/Timer.vhd Line: 14
    Info (12023): Found entity 1: Timer File: E:/work space/airplane/Timer.vhd Line: 5
Info (12021): Found 2 design units, including 1 entities, in source file airporte.vhd
    Info (12022): Found design unit 1: airportE-Behav File: E:/work space/airplane/airportE.vhd Line: 15
    Info (12023): Found entity 1: airportE File: E:/work space/airplane/airportE.vhd Line: 5
Info (12021): Found 2 design units, including 1 entities, in source file airplaneparking.vhd
    Info (12022): Found design unit 1: airplaneParking-Behavioral File: E:/work space/airplane/airplaneParking.vhd Line: 25
    Info (12023): Found entity 1: airplaneParking File: E:/work space/airplane/airplaneParking.vhd Line: 7
Info (12021): Found 2 design units, including 1 entities, in source file airplane.vhd
    Info (12022): Found design unit 1: airplane-Behavioral File: E:/work space/airplane/airplane.vhd Line: 24
    Info (12023): Found entity 1: airplane File: E:/work space/airplane/airplane.vhd Line: 7
Info (12021): Found 2 design units, including 1 entities, in source file top_tp.vhd
    Info (12022): Found design unit 1: top_tp-behavior File: E:/work space/airplane/top_tp.vhd Line: 9
    Info (12023): Found entity 1: top_tp File: E:/work space/airplane/top_tp.vhd Line: 6
Info (12127): Elaborating entity "Top" for the top level hierarchy
Info (12128): Elaborating entity "airportE" for hierarchy "airportE:airemer" File: E:/work space/airplane/Top.vhd Line: 69
Warning (10492): VHDL Process Statement warning at airportE.vhd(34): signal "p" is read inside the Process Statement but isn't in the Process Statement's sensitivity list File: E:/work space/airplane/airportE.vhd Line: 34
Info (12128): Elaborating entity "airplaneParking" for hierarchy "airplaneParking:park" File: E:/work space/airplane/Top.vhd Line: 70
Info (12128): Elaborating entity "airplane" for hierarchy "airplane:airpl" File: E:/work space/airplane/Top.vhd Line: 71
Info (12128): Elaborating entity "Timer" for hierarchy "airplane:airpl|Timer:tim" File: E:/work space/airplane/airplane.vhd Line: 37
Warning (284002): Cannot process state machine "|Top|airplane:airpl|NextState" using user-encoded method File: E:/work space/airplane/airplane.vhd Line: 26
Warning (284002): Cannot process state machine "|Top|airplane:airpl|PrState" using user-encoded method File: E:/work space/airplane/airplane.vhd Line: 26
Warning (13034): The following nodes have both tri-state and non-tri-state drivers
    Warning (13035): Inserted always-enabled tri-state buffer between "airpotEmerT" and its non-tri-state driver. File: E:/work space/airplane/Top.vhd Line: 15
Info (13060): One or more bidirectional pins are fed by always enabled tri-state buffers
    Info (13061): Fan-out of permanently enabled tri-state buffer feeding bidirectional pin "airpotEmerT" is moved to its source File: E:/work space/airplane/Top.vhd Line: 15
Warning (13009): TRI or OPNDRN buffers permanently enabled
    Warning (13010): Node "airpotEmerT~synth" File: E:/work space/airplane/Top.vhd Line: 15
Warning (13024): Output pins are stuck at VCC or GND
    Warning (13410): Pin "countET[0]" is stuck at GND File: E:/work space/airplane/Top.vhd Line: 14
    Warning (13410): Pin "countET[1]" is stuck at GND File: E:/work space/airplane/Top.vhd Line: 14
Info (286030): Timing-Driven Synthesis is running
Info (17049): 4 registers lost all their fanouts during netlist optimizations.
Info (16010): Generating hard_block partition "hard_block:auto_generated_inst"
    Info (16011): Adding 0 node(s), including 0 DDIO, 0 PLL, 0 transceiver and 0 LCELL
Info (21057): Implemented 149 device resources after synthesis - the final resource count might be different
    Info (21058): Implemented 4 input pins
    Info (21059): Implemented 12 output pins
    Info (21060): Implemented 1 bidirectional pins
    Info (21061): Implemented 132 logic cells
Info: Quartus Prime Analysis & Synthesis was successful. 0 errors, 11 warnings
    Info: Peak virtual memory: 4789 megabytes
    Info: Processing ended: Tue Jan 11 21:23:44 2022
    Info: Elapsed time: 00:00:08
    Info: Total CPU time (on all processors): 00:00:19


